# JRE version: OpenJDK Runtime Environment Temurin-17.0.13+11 (17.0.13+11) (build 17.0.13+11)
# Java VM: OpenJDK 64-Bit Server VM Temurin-17.0.13+11 (17.0.13+11, mixed mode, tiered, compressed oops, compressed class ptrs, parallel gc, windows-amd64)
GC Precious Log:
 CPUs: 12 total, 12 available
 Memory: 6005M
 Large Page Support: Disabled
 NUMA Support: Disabled
 Compressed Oops: Enabled (32-bit)
 Alignments: Space 512K, Generation 512K, Heap 2M
 Heap Min Capacity: 100M
 Heap Initial Capacity: 100M
 Heap Max Capacity: 1G
 Pre-touch: Disabled
 Parallel Workers: 10
Heap:
 PSYoungGen      total 24064K, used 12339K [0x00000000eab00000, 0x00000000ec580000, 0x0000000100000000)
  eden space 20992K, 45% used [0x00000000eab00000,0x00000000eb46b3a0,0x00000000ebf80000)
  from space 3072K, 87% used [0x00000000ec280000,0x00000000ec521af0,0x00000000ec580000)
  to   space 3072K, 0% used [0x00000000ebf80000,0x00000000ebf80000,0x00000000ec280000)
 ParOldGen       total 68608K, used 36325K [0x00000000c0000000, 0x00000000c4300000, 0x00000000eab00000)
  object space 68608K, 52% used [0x00000000c0000000,0x00000000c2379510,0x00000000c4300000)
 Metaspace       used 49677K, committed 50688K, reserved 1114112K
  class space    used 5252K, committed 5696K, reserved 1048576K
GC Heap History (20 events):
Event: 20.202 GC heap before
{Heap before GC invocations=15 (full 2):
 PSYoungGen      total 23552K, used 23539K [0x00000000eab00000, 0x00000000ec680000, 0x0000000100000000)
  eden space 22528K, 100% used [0x00000000eab00000,0x00000000ec100000,0x00000000ec100000)
  from space 1024K, 98% used [0x00000000ec580000,0x00000000ec67cf38,0x00000000ec680000)
  to   space 1536K, 0% used [0x00000000ec380000,0x00000000ec380000,0x00000000ec500000)
 ParOldGen       total 68608K, used 14577K [0x00000000c0000000, 0x00000000c4300000, 0x00000000eab00000)
  object space 68608K, 21% used [0x00000000c0000000,0x00000000c0e3c7d0,0x00000000c4300000)
 Metaspace       used 40703K, committed 41664K, reserved 1114112K
  class space    used 4147K, committed 4544K, reserved 1048576K
}
Event: 20.204 GC heap after
{Heap after GC invocations=15 (full 2):
 PSYoungGen      total 23552K, used 1522K [0x00000000eab00000, 0x00000000ec680000, 0x0000000100000000)
  eden space 22016K, 0% used [0x00000000eab00000,0x00000000eab00000,0x00000000ec080000)
  from space 1536K, 99% used [0x00000000ec380000,0x00000000ec4fc918,0x00000000ec500000)
  to   space 1536K, 0% used [0x00000000ec500000,0x00000000ec500000,0x00000000ec680000)
 ParOldGen       total 68608K, used 15572K [0x00000000c0000000, 0x00000000c4300000, 0x00000000eab00000)
  object space 68608K, 22% used [0x00000000c0000000,0x00000000c0f352d8,0x00000000c4300000)
 Metaspace       used 40703K, committed 41664K, reserved 1114112K
  class space    used 4147K, committed 4544K, reserved 1048576K
}
Event: 20.594 GC heap before
{Heap before GC invocations=16 (full 2):
 PSYoungGen      total 23552K, used 23538K [0x00000000eab00000, 0x00000000ec680000, 0x0000000100000000)
  eden space 22016K, 100% used [0x00000000eab00000,0x00000000ec080000,0x00000000ec080000)
  from space 1536K, 99% used [0x00000000ec380000,0x00000000ec4fc918,0x00000000ec500000)
  to   space 1536K, 0% used [0x00000000ec500000,0x00000000ec500000,0x00000000ec680000)
 ParOldGen       total 68608K, used 15572K [0x00000000c0000000, 0x00000000c4300000, 0x00000000eab00000)
  object space 68608K, 22% used [0x00000000c0000000,0x00000000c0f352d8,0x00000000c4300000)
 Metaspace       used 42375K, committed 43264K, reserved 1114112K
  class space    used 4328K, committed 4736K, reserved 1048576K
}
Event: 20.597 GC heap after
{Heap after GC invocations=16 (full 2):
 PSYoungGen      total 23040K, used 915K [0x00000000eab00000, 0x00000000ec600000, 0x0000000100000000)
  eden space 22016K, 0% used [0x00000000eab00000,0x00000000eab00000,0x00000000ec080000)
  from space 1024K, 89% used [0x00000000ec500000,0x00000000ec5e4c00,0x00000000ec600000)
  to   space 1536K, 0% used [0x00000000ec300000,0x00000000ec300000,0x00000000ec480000)
 ParOldGen       total 68608K, used 18755K [0x00000000c0000000, 0x00000000c4300000, 0x00000000eab00000)
  object space 68608K, 27% used [0x00000000c0000000,0x00000000c1250c60,0x00000000c4300000)
 Metaspace       used 42375K, committed 43264K, reserved 1114112K
  class space    used 4328K, committed 4736K, reserved 1048576K
}
Event: 20.889 GC heap before
{Heap before GC invocations=17 (full 2):
 PSYoungGen      total 23040K, used 22931K [0x00000000eab00000, 0x00000000ec600000, 0x0000000100000000)
  eden space 22016K, 100% used [0x00000000eab00000,0x00000000ec080000,0x00000000ec080000)
  from space 1024K, 89% used [0x00000000ec500000,0x00000000ec5e4c00,0x00000000ec600000)
  to   space 1536K, 0% used [0x00000000ec300000,0x00000000ec300000,0x00000000ec480000)
 ParOldGen       total 68608K, used 18755K [0x00000000c0000000, 0x00000000c4300000, 0x00000000eab00000)
  object space 68608K, 27% used [0x00000000c0000000,0x00000000c1250c60,0x00000000c4300000)
 Metaspace       used 44129K, committed 45056K, reserved 1114112K
  class space    used 4540K, committed 4992K, reserved 1048576K
}
Event: 20.891 GC heap after
{Heap after GC invocations=17 (full 2):
 PSYoungGen      total 23552K, used 1526K [0x00000000eab00000, 0x00000000ec580000, 0x0000000100000000)
  eden space 22016K, 0% used [0x00000000eab00000,0x00000000eab00000,0x00000000ec080000)
  from space 1536K, 99% used [0x00000000ec300000,0x00000000ec47d808,0x00000000ec480000)
  to   space 1024K, 0% used [0x00000000ec480000,0x00000000ec480000,0x00000000ec580000)
 ParOldGen       total 68608K, used 19510K [0x00000000c0000000, 0x00000000c4300000, 0x00000000eab00000)
  object space 68608K, 28% used [0x00000000c0000000,0x00000000c130d860,0x00000000c4300000)
 Metaspace       used 44129K, committed 45056K, reserved 1114112K
  class space    used 4540K, committed 4992K, reserved 1048576K
}
Event: 21.088 GC heap before
{Heap before GC invocations=18 (full 2):
 PSYoungGen      total 23552K, used 23542K [0x00000000eab00000, 0x00000000ec580000, 0x0000000100000000)
  eden space 22016K, 100% used [0x00000000eab00000,0x00000000ec080000,0x00000000ec080000)
  from space 1536K, 99% used [0x00000000ec300000,0x00000000ec47d808,0x00000000ec480000)
  to   space 1024K, 0% used [0x00000000ec480000,0x00000000ec480000,0x00000000ec580000)
 ParOldGen       total 68608K, used 19510K [0x00000000c0000000, 0x00000000c4300000, 0x00000000eab00000)
  object space 68608K, 28% used [0x00000000c0000000,0x00000000c130d860,0x00000000c4300000)
 Metaspace       used 45077K, committed 46080K, reserved 1114112K
  class space    used 4656K, committed 5120K, reserved 1048576K
}
Event: 21.091 GC heap after
{Heap after GC invocations=18 (full 2):
 PSYoungGen      total 22016K, used 1024K [0x00000000eab00000, 0x00000000eca80000, 0x0000000100000000)
  eden space 20992K, 0% used [0x00000000eab00000,0x00000000eab00000,0x00000000ebf80000)
  from space 1024K, 100% used [0x00000000ec480000,0x00000000ec580000,0x00000000ec580000)
  to   space 5120K, 0% used [0x00000000ebf80000,0x00000000ebf80000,0x00000000ec480000)
 ParOldGen       total 68608K, used 22888K [0x00000000c0000000, 0x00000000c4300000, 0x00000000eab00000)
  object space 68608K, 33% used [0x00000000c0000000,0x00000000c165a3d0,0x00000000c4300000)
 Metaspace       used 45077K, committed 46080K, reserved 1114112K
  class space    used 4656K, committed 5120K, reserved 1048576K
}
Event: 21.270 GC heap before
{Heap before GC invocations=19 (full 2):
 PSYoungGen      total 22016K, used 22016K [0x00000000eab00000, 0x00000000eca80000, 0x0000000100000000)
  eden space 20992K, 100% used [0x00000000eab00000,0x00000000ebf80000,0x00000000ebf80000)
  from space 1024K, 100% used [0x00000000ec480000,0x00000000ec580000,0x00000000ec580000)
  to   space 5120K, 0% used [0x00000000ebf80000,0x00000000ebf80000,0x00000000ec480000)
 ParOldGen       total 68608K, used 22888K [0x00000000c0000000, 0x00000000c4300000, 0x00000000eab00000)
  object space 68608K, 33% used [0x00000000c0000000,0x00000000c165a3d0,0x00000000c4300000)
 Metaspace       used 45821K, committed 46848K, reserved 1114112K
  class space    used 4749K, committed 5248K, reserved 1048576K
}
Event: 21.275 GC heap after
{Heap after GC invocations=19 (full 2):
 PSYoungGen      total 24064K, used 2680K [0x00000000eab00000, 0x00000000ec680000, 0x0000000100000000)
  eden space 20992K, 0% used [0x00000000eab00000,0x00000000eab00000,0x00000000ebf80000)
  from space 3072K, 87% used [0x00000000ebf80000,0x00000000ec21e008,0x00000000ec280000)
  to   space 3584K, 0% used [0x00000000ec300000,0x00000000ec300000,0x00000000ec680000)
 ParOldGen       total 68608K, used 23904K [0x00000000c0000000, 0x00000000c4300000, 0x00000000eab00000)
  object space 68608K, 34% used [0x00000000c0000000,0x00000000c17583d0,0x00000000c4300000)
 Metaspace       used 45821K, committed 46848K, reserved 1114112K
  class space    used 4749K, committed 5248K, reserved 1048576K
}
Event: 21.454 GC heap before
{Heap before GC invocations=20 (full 2):
 PSYoungGen      total 24064K, used 23672K [0x00000000eab00000, 0x00000000ec680000, 0x0000000100000000)
  eden space 20992K, 100% used [0x00000000eab00000,0x00000000ebf80000,0x00000000ebf80000)
  from space 3072K, 87% used [0x00000000ebf80000,0x00000000ec21e008,0x00000000ec280000)
  to   space 3584K, 0% used [0x00000000ec300000,0x00000000ec300000,0x00000000ec680000)
 ParOldGen       total 68608K, used 23904K [0x00000000c0000000, 0x00000000c4300000, 0x00000000eab00000)
  object space 68608K, 34% used [0x00000000c0000000,0x00000000c17583d0,0x00000000c4300000)
 Metaspace       used 46518K, committed 47552K, reserved 1114112K
  class space    used 4841K, committed 5312K, reserved 1048576K
}
Event: 21.459 GC heap after
{Heap after GC invocations=20 (full 2):
 PSYoungGen      total 24064K, used 2624K [0x00000000eab00000, 0x00000000ec600000, 0x0000000100000000)
  eden space 20992K, 0% used [0x00000000eab00000,0x00000000eab00000,0x00000000ebf80000)
  from space 3072K, 85% used [0x00000000ec300000,0x00000000ec590000,0x00000000ec600000)
  to   space 3072K, 0% used [0x00000000ebf80000,0x00000000ebf80000,0x00000000ec280000)
 ParOldGen       total 68608K, used 26384K [0x00000000c0000000, 0x00000000c4300000, 0x00000000eab00000)
  object space 68608K, 38% used [0x00000000c0000000,0x00000000c19c43d8,0x00000000c4300000)
 Metaspace       used 46518K, committed 47552K, reserved 1114112K
  class space    used 4841K, committed 5312K, reserved 1048576K
}
Event: 21.654 GC heap before
{Heap before GC invocations=21 (full 2):
 PSYoungGen      total 24064K, used 23616K [0x00000000eab00000, 0x00000000ec600000, 0x0000000100000000)
  eden space 20992K, 100% used [0x00000000eab00000,0x00000000ebf80000,0x00000000ebf80000)
  from space 3072K, 85% used [0x00000000ec300000,0x00000000ec590000,0x00000000ec600000)
  to   space 3072K, 0% used [0x00000000ebf80000,0x00000000ebf80000,0x00000000ec280000)
 ParOldGen       total 68608K, used 26384K [0x00000000c0000000, 0x00000000c4300000, 0x00000000eab00000)
  object space 68608K, 38% used [0x00000000c0000000,0x00000000c19c43d8,0x00000000c4300000)
 Metaspace       used 47404K, committed 48448K, reserved 1114112K
  class space    used 4954K, committed 5440K, reserved 1048576K
}
Event: 21.659 GC heap after
{Heap after GC invocations=21 (full 2):
 PSYoungGen      total 24064K, used 2800K [0x00000000eab00000, 0x00000000ec580000, 0x0000000100000000)
  eden space 20992K, 0% used [0x00000000eab00000,0x00000000eab00000,0x00000000ebf80000)
  from space 3072K, 91% used [0x00000000ebf80000,0x00000000ec23c008,0x00000000ec280000)
  to   space 3072K, 0% used [0x00000000ec280000,0x00000000ec280000,0x00000000ec580000)
 ParOldGen       total 68608K, used 28755K [0x00000000c0000000, 0x00000000c4300000, 0x00000000eab00000)
  object space 68608K, 41% used [0x00000000c0000000,0x00000000c1c14ce8,0x00000000c4300000)
 Metaspace       used 47404K, committed 48448K, reserved 1114112K
  class space    used 4954K, committed 5440K, reserved 1048576K
}
Event: 21.830 GC heap before
{Heap before GC invocations=22 (full 2):
 PSYoungGen      total 24064K, used 23792K [0x00000000eab00000, 0x00000000ec580000, 0x0000000100000000)
  eden space 20992K, 100% used [0x00000000eab00000,0x00000000ebf80000,0x00000000ebf80000)
  from space 3072K, 91% used [0x00000000ebf80000,0x00000000ec23c008,0x00000000ec280000)
  to   space 3072K, 0% used [0x00000000ec280000,0x00000000ec280000,0x00000000ec580000)
 ParOldGen       total 68608K, used 28755K [0x00000000c0000000, 0x00000000c4300000, 0x00000000eab00000)
  object space 68608K, 41% used [0x00000000c0000000,0x00000000c1c14ce8,0x00000000c4300000)
 Metaspace       used 47868K, committed 48832K, reserved 1114112K
  class space    used 5026K, committed 5504K, reserved 1048576K
}
Event: 21.834 GC heap after
{Heap after GC invocations=22 (full 2):
 PSYoungGen      total 24064K, used 2752K [0x00000000eab00000, 0x00000000ec580000, 0x0000000100000000)
  eden space 20992K, 0% used [0x00000000eab00000,0x00000000eab00000,0x00000000ebf80000)
  from space 3072K, 89% used [0x00000000ec280000,0x00000000ec530000,0x00000000ec580000)
  to   space 3072K, 0% used [0x00000000ebf80000,0x00000000ebf80000,0x00000000ec280000)
 ParOldGen       total 68608K, used 31287K [0x00000000c0000000, 0x00000000c4300000, 0x00000000eab00000)
  object space 68608K, 45% used [0x00000000c0000000,0x00000000c1e8dd00,0x00000000c4300000)
 Metaspace       used 47868K, committed 48832K, reserved 1114112K
  class space    used 5026K, committed 5504K, reserved 1048576K
}
Event: 21.970 GC heap before
{Heap before GC invocations=23 (full 2):
 PSYoungGen      total 24064K, used 23744K [0x00000000eab00000, 0x00000000ec580000, 0x0000000100000000)
  eden space 20992K, 100% used [0x00000000eab00000,0x00000000ebf80000,0x00000000ebf80000)
  from space 3072K, 89% used [0x00000000ec280000,0x00000000ec530000,0x00000000ec580000)
  to   space 3072K, 0% used [0x00000000ebf80000,0x00000000ebf80000,0x00000000ec280000)
 ParOldGen       total 68608K, used 31287K [0x00000000c0000000, 0x00000000c4300000, 0x00000000eab00000)
  object space 68608K, 45% used [0x00000000c0000000,0x00000000c1e8dd00,0x00000000c4300000)
 Metaspace       used 48241K, committed 49216K, reserved 1114112K
  class space    used 5085K, committed 5568K, reserved 1048576K
}
Event: 21.974 GC heap after
{Heap after GC invocations=23 (full 2):
 PSYoungGen      total 24064K, used 2806K [0x00000000eab00000, 0x00000000ec580000, 0x0000000100000000)
  eden space 20992K, 0% used [0x00000000eab00000,0x00000000eab00000,0x00000000ebf80000)
  from space 3072K, 91% used [0x00000000ebf80000,0x00000000ec23d810,0x00000000ec280000)
  to   space 3072K, 0% used [0x00000000ec280000,0x00000000ec280000,0x00000000ec580000)
 ParOldGen       total 68608K, used 33743K [0x00000000c0000000, 0x00000000c4300000, 0x00000000eab00000)
  object space 68608K, 49% used [0x00000000c0000000,0x00000000c20f3d00,0x00000000c4300000)
 Metaspace       used 48241K, committed 49216K, reserved 1114112K
  class space    used 5085K, committed 5568K, reserved 1048576K
}
Event: 22.297 GC heap before
{Heap before GC invocations=24 (full 2):
 PSYoungGen      total 24064K, used 23798K [0x00000000eab00000, 0x00000000ec580000, 0x0000000100000000)
  eden space 20992K, 100% used [0x00000000eab00000,0x00000000ebf80000,0x00000000ebf80000)
  from space 3072K, 91% used [0x00000000ebf80000,0x00000000ec23d810,0x00000000ec280000)
  to   space 3072K, 0% used [0x00000000ec280000,0x00000000ec280000,0x00000000ec580000)
 ParOldGen       total 68608K, used 33743K [0x00000000c0000000, 0x00000000c4300000, 0x00000000eab00000)
  object space 68608K, 49% used [0x00000000c0000000,0x00000000c20f3d00,0x00000000c4300000)
 Metaspace       used 49017K, committed 50048K, reserved 1114112K
  class space    used 5172K, committed 5632K, reserved 1048576K
}
Event: 22.301 GC heap after
{Heap after GC invocations=24 (full 2):
 PSYoungGen      total 24064K, used 2694K [0x00000000eab00000, 0x00000000ec580000, 0x0000000100000000)
  eden space 20992K, 0% used [0x00000000eab00000,0x00000000eab00000,0x00000000ebf80000)
  from space 3072K, 87% used [0x00000000ec280000,0x00000000ec521af0,0x00000000ec580000)
  to   space 3072K, 0% used [0x00000000ebf80000,0x00000000ebf80000,0x00000000ec280000)
 ParOldGen       total 68608K, used 36325K [0x00000000c0000000, 0x00000000c4300000, 0x00000000eab00000)
  object space 68608K, 52% used [0x00000000c0000000,0x00000000c2379510,0x00000000c4300000)
 Metaspace       used 49017K, committed 50048K, reserved 1114112K
  class space    used 5172K, committed 5632K, reserved 1048576K
}

